Audit target: .
Timestamp: 1764904295
Status: warn
===============================================
REQUIREMENT SUMMARY (ST Parity):
  Total requirements: 35
  Covered: 0
  Missing: 35
  Coverage: 0%
===============================================
TYPE PARITY (SI Parity):
  Total type specs: 14
  Matched: 14
  Missing: 0
  SI Parity: 100%
===============================================
T-I PARITY (Golden Tests):
  Total tests: 0
  Passed: 0
  Test pass rate: 0.0%
  Total functions: 117
  Coverage rate: 0.0%
  T-I Score: 0.0%
===============================================
ORPHAN TESTS (Tests without SPEC):
  Total test files: 0
  Matched to specs: 0
  Orphans: 0 (0%)
===============================================
TYPE ORPHANS (Impls without [[type]] specs):
  Total symbols: 127
  Specified: 127
  Orphans: 0 (0%)
===============================================
Semantic: ok (STPM ready (score=80%, medium))
Tests: ok (tests passed)

DETAILED FINDINGS:
- [missing] REQ_COV_COL_001: No test found
- [missing] REQ_COV_COL_002: No test found
- [missing] REQ_COV_COL_003: No test found
- [missing] REQ_COV_COL_004: No test found
- [missing] REQ_COV_SRC_001: No test found
- [missing] REQ_COV_SRC_002: No test found
- [missing] REQ_COV_SRC_003: No test found
- [missing] REQ_COV_SRC_004: No test found
- [missing] REQ_COV_RUN_001: No test found
- [missing] REQ_COV_RUN_002: No test found
- [missing] REQ_COV_RUN_003: No test found
- [missing] REQ_COV_RUN_004: No test found
- [missing] REQ_COV_AGG_001: No test found
- [missing] REQ_COV_AGG_002: No test found
- [missing] REQ_COV_AGG_003: No test found
- [missing] REQ_COV_AGG_004: No test found
- [missing] REQ_COV_REP_001: No test found
- [missing] REQ_COV_REP_002: No test found
- [missing] REQ_COV_REP_003: No test found
- [missing] REQ_COV_REP_004: No test found
- [missing] REQ_COV_COL_001: No test found
- [missing] REQ_COV_COL_002: No test found
- [missing] REQ_COV_COL_003: No test found
- [missing] REQ_COV_COL_004: No test found
- [missing] REQ_COV_SRC_001: No test found
- [missing] REQ_COV_SRC_002: No test found
- [missing] REQ_COV_SRC_003: No test found
- [missing] REQ_COV_RUN_001: No test found
- [missing] REQ_COV_RUN_002: No test found
- [missing] REQ_COV_RUN_003: No test found
- [missing] REQ_COV_AGG_001: No test found
- [missing] REQ_COV_AGG_002: No test found
- [missing] REQ_COV_AGG_003: No test found
- [missing] REQ_COV_REP_001: No test found
- [missing] REQ_COV_REP_002: No test found

TYPE PARITY FINDINGS:
[matched] REQ_TYPE_COV_001 | Expected: `FunctionCoverage` | Found: src/Coverage/Types.idr (record FunctionCoverage)
[matched] REQ_TYPE_COV_002 | Expected: `ModuleCoverage` | Found: src/Coverage/Types.idr (record ModuleCoverage)
[matched] REQ_TYPE_COV_003 | Expected: `ProjectCoverage` | Found: src/Coverage/Types.idr (record ProjectCoverage)
[matched] REQ_TYPE_COV_004 | Expected: `CoverageReport` | Found: src/Coverage/Types.idr (record CoverageReport)
[matched] REQ_TYPE_COV_005 | Expected: `ProfileHit` | Found: src/Coverage/Types.idr (record ProfileHit)
[matched] REQ_TYPE_COV_006 | Expected: `FunctionDef` | Found: src/Coverage/SourceAnalyzer.idr (record FunctionDef)
[matched] REQ_TYPE_COV_007 | Expected: `FunctionHitAggregate` | Found: src/Coverage/Aggregator.idr (record FunctionHitAggregate)
[matched] REQ_TYPE_COV_008 | Expected: `TestProfileResult` | Found: src/Coverage/TestRunner.idr (record TestProfileResult)
[matched] REQ_TYPE_COV_009 | Expected: `OutputFormat` | Found: src/Coverage/Report.idr (data OutputFormat)
[matched] REQ_TYPE_UTIL_001 | Expected: `parseSchemeFunc` | Found: src/Coverage/Types.idr (parseSchemeFunc : String -> Maybe (String, String))
[matched] REQ_TYPE_UTIL_002 | Expected: `idrisToSchemeModule` | Found: src/Coverage/Types.idr (idrisToSchemeModule : String -> String)
[matched] REQ_TYPE_UTIL_003 | Expected: `belongsToModule` | Found: src/Coverage/Types.idr (belongsToModule : String -> String -> Bool)
[matched] REQ_TYPE_UTIL_004 | Expected: `coveredFunction` | Found: src/Coverage/Types.idr (coveredFunction : String -> String -> Nat -> List String -> FunctionCoverage)
[matched] REQ_TYPE_UTIL_005 | Expected: `uncoveredFunction` | Found: src/Coverage/Types.idr (uncoveredFunction : String -> String -> FunctionCoverage)
