Audit target: .
Timestamp: 1764907720
Status: warn
===============================================
REQUIREMENT SUMMARY (ST Parity):
  Total requirements: 35
  Covered: 30
  Missing: 5
  Coverage: 85%
===============================================
TYPE PARITY (SI Parity):
  Total type specs: 14
  Matched: 14
  Missing: 0
  SI Parity: 100%
===============================================
T-I PARITY (Golden Tests):
  Total tests: 15
  Passed: 15
  Test pass rate: 100.0%
  Total functions: 117
  Coverage rate: 0.0%
  T-I Score: 0.0%
===============================================
ORPHAN TESTS (Tests without SPEC):
  Total test files: 15
  Matched to specs: 15
  Orphans: 0 (0%)
===============================================
TYPE ORPHANS (Impls without [[type]] specs):
  Total symbols: 127
  Specified: 127
  Orphans: 0 (0%)
===============================================
Semantic: ok (STPM ready (score=80%, medium))
Tests: ok (tests passed)

DETAILED FINDINGS:
- [covered] REQ_COV_COL_001: Test file: ./src/Coverage/Tests/REQ_COV_COL_001_Test.idr
- [covered] REQ_COV_COL_002: Test file: ./src/Coverage/Tests/REQ_COV_COL_002_Test.idr
- [covered] REQ_COV_COL_003: Test file: ./src/Coverage/Tests/REQ_COV_COL_003_Test.idr
- [covered] REQ_COV_COL_004: Test file: ./src/Coverage/Tests/REQ_COV_COL_004_Test.idr
- [covered] REQ_COV_SRC_001: Test file: ./src/Coverage/Tests/REQ_COV_SRC_001_Test.idr
- [covered] REQ_COV_SRC_002: Test file: ./src/Coverage/Tests/REQ_COV_SRC_002_Test.idr
- [covered] REQ_COV_SRC_003: Test file: ./src/Coverage/Tests/REQ_COV_SRC_003_Test.idr
- [missing] REQ_COV_SRC_004: No test found
- [covered] REQ_COV_RUN_001: Test file: ./src/Coverage/Tests/REQ_COV_RUN_001_Test.idr
- [covered] REQ_COV_RUN_002: Test file: ./src/Coverage/Tests/REQ_COV_RUN_002_Test.idr
- [covered] REQ_COV_RUN_003: Test file: ./src/Coverage/Tests/REQ_COV_RUN_003_Test.idr
- [missing] REQ_COV_RUN_004: No test found
- [covered] REQ_COV_AGG_001: Test file: ./src/Coverage/Tests/REQ_COV_AGG_001_Test.idr
- [covered] REQ_COV_AGG_002: Test file: ./src/Coverage/Tests/REQ_COV_AGG_002_Test.idr
- [covered] REQ_COV_AGG_003: Test file: ./src/Coverage/Tests/REQ_COV_AGG_003_Test.idr
- [missing] REQ_COV_AGG_004: No test found
- [covered] REQ_COV_REP_001: Test file: ./src/Coverage/Tests/REQ_COV_REP_001_Test.idr
- [covered] REQ_COV_REP_002: Test file: ./src/Coverage/Tests/REQ_COV_REP_002_Test.idr
- [missing] REQ_COV_REP_003: No test found
- [missing] REQ_COV_REP_004: No test found
- [covered] REQ_COV_COL_001: Test file: ./src/Coverage/Tests/REQ_COV_COL_001_Test.idr
- [covered] REQ_COV_COL_002: Test file: ./src/Coverage/Tests/REQ_COV_COL_002_Test.idr
- [covered] REQ_COV_COL_003: Test file: ./src/Coverage/Tests/REQ_COV_COL_003_Test.idr
- [covered] REQ_COV_COL_004: Test file: ./src/Coverage/Tests/REQ_COV_COL_004_Test.idr
- [covered] REQ_COV_SRC_001: Test file: ./src/Coverage/Tests/REQ_COV_SRC_001_Test.idr
- [covered] REQ_COV_SRC_002: Test file: ./src/Coverage/Tests/REQ_COV_SRC_002_Test.idr
- [covered] REQ_COV_SRC_003: Test file: ./src/Coverage/Tests/REQ_COV_SRC_003_Test.idr
- [covered] REQ_COV_RUN_001: Test file: ./src/Coverage/Tests/REQ_COV_RUN_001_Test.idr
- [covered] REQ_COV_RUN_002: Test file: ./src/Coverage/Tests/REQ_COV_RUN_002_Test.idr
- [covered] REQ_COV_RUN_003: Test file: ./src/Coverage/Tests/REQ_COV_RUN_003_Test.idr
- [covered] REQ_COV_AGG_001: Test file: ./src/Coverage/Tests/REQ_COV_AGG_001_Test.idr
- [covered] REQ_COV_AGG_002: Test file: ./src/Coverage/Tests/REQ_COV_AGG_002_Test.idr
- [covered] REQ_COV_AGG_003: Test file: ./src/Coverage/Tests/REQ_COV_AGG_003_Test.idr
- [covered] REQ_COV_REP_001: Test file: ./src/Coverage/Tests/REQ_COV_REP_001_Test.idr
- [covered] REQ_COV_REP_002: Test file: ./src/Coverage/Tests/REQ_COV_REP_002_Test.idr

TYPE PARITY FINDINGS:
[matched] REQ_TYPE_COV_001 | Expected: `FunctionCoverage` | Found: src/Coverage/Types.idr (record FunctionCoverage)
[matched] REQ_TYPE_COV_002 | Expected: `ModuleCoverage` | Found: src/Coverage/Types.idr (record ModuleCoverage)
[matched] REQ_TYPE_COV_003 | Expected: `ProjectCoverage` | Found: src/Coverage/Types.idr (record ProjectCoverage)
[matched] REQ_TYPE_COV_004 | Expected: `CoverageReport` | Found: src/Coverage/Types.idr (record CoverageReport)
[matched] REQ_TYPE_COV_005 | Expected: `ProfileHit` | Found: src/Coverage/Types.idr (record ProfileHit)
[matched] REQ_TYPE_COV_006 | Expected: `FunctionDef` | Found: src/Coverage/SourceAnalyzer.idr (record FunctionDef)
[matched] REQ_TYPE_COV_007 | Expected: `FunctionHitAggregate` | Found: src/Coverage/Aggregator.idr (record FunctionHitAggregate)
[matched] REQ_TYPE_COV_008 | Expected: `TestProfileResult` | Found: src/Coverage/TestRunner.idr (record TestProfileResult)
[matched] REQ_TYPE_COV_009 | Expected: `OutputFormat` | Found: src/Coverage/Report.idr (data OutputFormat)
[matched] REQ_TYPE_UTIL_001 | Expected: `parseSchemeFunc` | Found: src/Coverage/Types.idr (parseSchemeFunc : String -> Maybe (String, String))
[matched] REQ_TYPE_UTIL_002 | Expected: `idrisToSchemeModule` | Found: src/Coverage/Types.idr (idrisToSchemeModule : String -> String)
[matched] REQ_TYPE_UTIL_003 | Expected: `belongsToModule` | Found: src/Coverage/Types.idr (belongsToModule : String -> String -> Bool)
[matched] REQ_TYPE_UTIL_004 | Expected: `coveredFunction` | Found: src/Coverage/Types.idr (coveredFunction : String -> String -> Nat -> List String -> FunctionCoverage)
[matched] REQ_TYPE_UTIL_005 | Expected: `uncoveredFunction` | Found: src/Coverage/Types.idr (uncoveredFunction : String -> String -> FunctionCoverage)

T-I PARITY FINDINGS:
  [pass] REQ_COV_AGG_002
  [pass] REQ_COV_AGG_001
  [pass] REQ_COV_SRC_001
  [pass] REQ_COV_COL_004
  [pass] REQ_COV_AGG_003
  [pass] REQ_COV_REP_002
  [pass] REQ_COV_COL_002
  [pass] REQ_COV_COL_003
  [pass] REQ_COV_SRC_003
  [pass] REQ_COV_REP_001
  [pass] REQ_COV_SRC_002
  [pass] REQ_COV_RUN_001
  [pass] REQ_COV_RUN_002
  [pass] REQ_COV_RUN_003
  [pass] REQ_COV_COL_001
